[Wed Dec 23 16:00:57 2015][INFO] =======================================
[Wed Dec 23 16:00:57 2015][INFO] [START]JASM System Monitor Starting Up... Version: jasm-develstage , Build Date: Wed 23/12/2015 15:44
[Wed Dec 23 16:00:57 2015][INFO] [JASM-DAEMON] Creating new process...
[Wed Dec 23 16:00:57 2015][INFO] [PROCESS-SPAWN][fork()] success
[Wed Dec 23 16:00:57 2015][INFO] [PROCESS-BACKGROUND][setsid()] success
[Wed Dec 23 16:00:57 2015][INFO] [JASM-DAEMON][START] PID: 3741 , Parent PID: 1
[Wed Dec 23 16:00:57 2015][INFO] [JASM-DAEMON][START] Start phase successfully completed!
[Wed Dec 23 16:00:57 2015][INFO] [JASM-DAEMON][STATUS] Ready!
[Wed Dec 23 16:00:57 2015][INFO] [JASM-DAEMON][INFO]You need to create a configuration file
[Wed Dec 23 16:00:57 2015][INFO] [JASM-DAEMON][INFO]Using standard values
[Wed Dec 23 16:00:57 2015][INFO] [JASM-DAEMON][INFO]Server's config source: $HOME/.jasm_config
[Wed Dec 23 16:00:57 2015][INFO] [JASM-DAEMON]Server started
[Wed Dec 23 16:01:08 2015][INFO] [CLIENT-AUTH]Authentication NOT required!
[Wed Dec 23 16:01:08 2015][INFO] [CLIENT-CONNECT] sockfd: 1, IP Address: 127.0.0.1
[Wed Dec 23 16:01:19 2015][INFO] [CLIENT-AUTH]Authentication NOT required!
[Wed Dec 23 16:01:19 2015][INFO] [CLIENT-CONNECT] sockfd: 2, IP Address: 127.0.0.1
[Wed Dec 23 16:01:19 2015][INFO] [CMD-GET] Got command from 2: <startLogsender>
[Wed Dec 23 16:01:19 2015][INFO] [Mod: logsender] init success
[Wed Dec 23 16:01:19 2015][ERROR] Start NOT found :(!
[Wed Dec 23 16:03:59 2015][INFO] [CMD-GET] Got command from 1: <halt>
[Wed Dec 23 16:03:59 2015][INFO] [CMD] halt exec
[Wed Dec 23 16:04:08 2015][INFO] =======================================
[Wed Dec 23 16:04:08 2015][INFO] [START]JASM System Monitor Starting Up... Version: jasm-develstage , Build Date: Wed 23/12/2015 16:04
[Wed Dec 23 16:04:08 2015][INFO] [JASM-DAEMON] Creating new process...
[Wed Dec 23 16:04:08 2015][INFO] [PROCESS-SPAWN][fork()] success
[Wed Dec 23 16:04:08 2015][INFO] [PROCESS-BACKGROUND][setsid()] success
[Wed Dec 23 16:04:08 2015][INFO] [JASM-DAEMON][START] PID: 3904 , Parent PID: 1
[Wed Dec 23 16:04:08 2015][INFO] [JASM-DAEMON][START] Start phase successfully completed!
[Wed Dec 23 16:04:08 2015][INFO] [JASM-DAEMON][STATUS] Ready!
[Wed Dec 23 16:04:08 2015][INFO] [JASM-DAEMON][INFO]You need to create a configuration file
[Wed Dec 23 16:04:08 2015][INFO] [JASM-DAEMON][INFO]Using standard values
[Wed Dec 23 16:04:08 2015][INFO] [JASM-DAEMON][INFO]Server's config source: $HOME/.jasm_config
[Wed Dec 23 16:04:08 2015][ERROR] [JASM-DAEMON][bind()]Failed to bind socket!
[Wed Dec 23 16:04:08 2015][ERROR] [JASM-DAEMON][bind()]Error: Address already in use
!
[Wed Dec 23 16:04:08 2015][ERROR] [JASM-DAEMON] Exiting !!
[Wed Dec 23 16:04:28 2015][INFO] =======================================
[Wed Dec 23 16:04:28 2015][INFO] [START]JASM System Monitor Starting Up... Version: jasm-develstage , Build Date: Wed 23/12/2015 16:04
[Wed Dec 23 16:04:28 2015][INFO] [JASM-DAEMON] Creating new process...
[Wed Dec 23 16:04:28 2015][INFO] [PROCESS-SPAWN][fork()] success
[Wed Dec 23 16:04:28 2015][INFO] [PROCESS-BACKGROUND][setsid()] success
[Wed Dec 23 16:04:28 2015][INFO] [JASM-DAEMON][START] PID: 3910 , Parent PID: 1
[Wed Dec 23 16:04:28 2015][INFO] [JASM-DAEMON][START] Start phase successfully completed!
[Wed Dec 23 16:04:28 2015][INFO] [JASM-DAEMON][STATUS] Ready!
[Wed Dec 23 16:04:28 2015][INFO] [JASM-DAEMON][INFO]You need to create a configuration file
[Wed Dec 23 16:04:28 2015][INFO] [JASM-DAEMON][INFO]Using standard values
[Wed Dec 23 16:04:28 2015][INFO] [JASM-DAEMON][INFO]Server's config source: $HOME/.jasm_config
[Wed Dec 23 16:04:28 2015][ERROR] [JASM-DAEMON][bind()]Failed to bind socket!
[Wed Dec 23 16:04:28 2015][ERROR] [JASM-DAEMON][bind()]Error: Address already in use
!
[Wed Dec 23 16:04:28 2015][ERROR] [JASM-DAEMON] Exiting !!
[Wed Dec 23 16:05:17 2015][INFO] =======================================
[Wed Dec 23 16:05:17 2015][INFO] [START]JASM System Monitor Starting Up... Version: jasm-develstage , Build Date: Wed 23/12/2015 16:04
[Wed Dec 23 16:05:17 2015][INFO] [JASM-DAEMON] Creating new process...
[Wed Dec 23 16:05:17 2015][INFO] [PROCESS-SPAWN][fork()] success
[Wed Dec 23 16:05:17 2015][INFO] [PROCESS-BACKGROUND][setsid()] success
[Wed Dec 23 16:05:17 2015][INFO] [JASM-DAEMON][START] PID: 3991 , Parent PID: 1
[Wed Dec 23 16:05:17 2015][INFO] [JASM-DAEMON][START] Start phase successfully completed!
[Wed Dec 23 16:05:17 2015][INFO] [JASM-DAEMON][STATUS] Ready!
[Wed Dec 23 16:05:17 2015][INFO] [JASM-DAEMON][INFO]You need to create a configuration file
[Wed Dec 23 16:05:17 2015][INFO] [JASM-DAEMON][INFO]Using standard values
[Wed Dec 23 16:05:17 2015][INFO] [JASM-DAEMON][INFO]Server's config source: $HOME/.jasm_config
[Wed Dec 23 16:05:17 2015][INFO] [JASM-DAEMON]Server started
[Wed Dec 23 16:05:18 2015][INFO] [CLIENT-AUTH]Authentication NOT required!
[Wed Dec 23 16:05:18 2015][INFO] [CLIENT-CONNECT] sockfd: 1, IP Address: 127.0.0.1
[Wed Dec 23 16:05:25 2015][INFO] [CLIENT-AUTH]Authentication NOT required!
[Wed Dec 23 16:05:25 2015][INFO] [CLIENT-CONNECT] sockfd: 2, IP Address: 127.0.0.1
[Wed Dec 23 16:05:25 2015][INFO] [CMD-GET] Got command from 2: <startLogsender>
[Wed Dec 23 16:05:25 2015][INFO] [Mod: logsender] init success
[Wed Dec 23 16:05:25 2015][ERROR] Start NOT found :(!
[Wed Dec 23 16:06:16 2015][INFO] [CMD-GET] Got command from 1: <halt>
[Wed Dec 23 16:06:16 2015][INFO] [CMD] halt exec
[Wed Dec 23 16:08:30 2015][INFO] =======================================
[Wed Dec 23 16:08:30 2015][INFO] [START]JASM System Monitor Starting Up... Version: jasm-develstage , Build Date: Wed 23/12/2015 16:04
[Wed Dec 23 16:08:30 2015][INFO] [JASM-DAEMON] Creating new process...
[Wed Dec 23 16:08:30 2015][INFO] [PROCESS-SPAWN][fork()] success
[Wed Dec 23 16:08:30 2015][INFO] [PROCESS-BACKGROUND][setsid()] success
[Wed Dec 23 16:08:30 2015][INFO] [JASM-DAEMON][START] PID: 4076 , Parent PID: 1
[Wed Dec 23 16:08:30 2015][INFO] [JASM-DAEMON][START] Start phase successfully completed!
[Wed Dec 23 16:08:30 2015][INFO] [JASM-DAEMON][STATUS] Ready!
[Wed Dec 23 16:08:30 2015][INFO] [JASM-DAEMON][INFO]You need to create a configuration file
[Wed Dec 23 16:08:30 2015][INFO] [JASM-DAEMON][INFO]Using standard values
[Wed Dec 23 16:08:30 2015][INFO] [JASM-DAEMON][INFO]Server's config source: $HOME/.jasm_config
[Wed Dec 23 16:08:30 2015][INFO] [JASM-DAEMON]Server started
[Wed Dec 23 16:08:32 2015][INFO] [CLIENT-AUTH]Authentication NOT required!
[Wed Dec 23 16:08:32 2015][INFO] [CLIENT-CONNECT] sockfd: 1, IP Address: 127.0.0.1
[Wed Dec 23 16:08:36 2015][INFO] [CLIENT-AUTH]Authentication NOT required!
[Wed Dec 23 16:08:36 2015][INFO] [CLIENT-CONNECT] sockfd: 2, IP Address: 127.0.0.1
[Wed Dec 23 16:08:36 2015][INFO] [CMD-GET] Got command from 2: <startLogsender>
[Wed Dec 23 16:08:36 2015][INFO] [Mod: logsender] init success
[Wed Dec 23 16:08:36 2015][INFO] module <Logsender> started correctly
[Wed Dec 23 16:11:10 2015][INFO] [CMD-GET] Got command from 1: <halt>
[Wed Dec 23 16:11:10 2015][INFO] [CMD] halt exec
[Wed Dec 23 16:13:00 2015][INFO] =======================================
[Wed Dec 23 16:13:00 2015][INFO] [START]JASM System Monitor Starting Up... Version: jasm-develstage , Build Date: Wed 23/12/2015 16:04
[Wed Dec 23 16:13:00 2015][INFO] [JASM-DAEMON] Creating new process...
[Wed Dec 23 16:13:00 2015][INFO] [PROCESS-SPAWN][fork()] success
[Wed Dec 23 16:13:00 2015][INFO] [PROCESS-BACKGROUND][setsid()] success
[Wed Dec 23 16:13:00 2015][INFO] [JASM-DAEMON][START] PID: 4335 , Parent PID: 1
[Wed Dec 23 16:13:00 2015][INFO] [JASM-DAEMON][START] Start phase successfully completed!
[Wed Dec 23 16:13:00 2015][INFO] [JASM-DAEMON][STATUS] Ready!
[Wed Dec 23 16:13:00 2015][INFO] [JASM-DAEMON][INFO]You need to create a configuration file
[Wed Dec 23 16:13:00 2015][INFO] [JASM-DAEMON][INFO]Using standard values
[Wed Dec 23 16:13:00 2015][INFO] [JASM-DAEMON][INFO]Server's config source: $HOME/.jasm_config
[Wed Dec 23 16:13:00 2015][INFO] [JASM-DAEMON]Server started
[Wed Dec 23 16:13:04 2015][INFO] [CLIENT-AUTH]Authentication NOT required!
[Wed Dec 23 16:13:04 2015][INFO] [CLIENT-CONNECT] sockfd: 1, IP Address: 127.0.0.1
[Wed Dec 23 16:13:08 2015][INFO] [CLIENT-AUTH]Authentication NOT required!
[Wed Dec 23 16:13:08 2015][INFO] [CLIENT-CONNECT] sockfd: 2, IP Address: 127.0.0.1
[Wed Dec 23 16:13:08 2015][INFO] [CMD-GET] Got command from 2: <startLogsender>
[Wed Dec 23 16:13:08 2015][INFO] [Mod: logsender] init success
[Wed Dec 23 16:13:08 2015][INFO] module <Logsender> started correctly
[Wed Dec 23 16:13:25 2015][INFO] [CLIENT-DISCONNECT] sockfd: 2, IP Address: 127.0.0.1
[Wed Dec 23 16:13:25 2015][INFO] [CLIENT-DISCONNECT] sockfd: 2, IP Address: 127.0.0.1
[Wed Dec 23 16:15:47 2015][INFO] =======================================
[Wed Dec 23 16:15:47 2015][INFO] [START]JASM System Monitor Starting Up... Version: jasm-develstage , Build Date: Wed 23/12/2015 16:04
[Wed Dec 23 16:15:47 2015][INFO] [JASM-DAEMON] Creating new process...
[Wed Dec 23 16:15:47 2015][INFO] [PROCESS-SPAWN][fork()] success
[Wed Dec 23 16:15:47 2015][INFO] [PROCESS-BACKGROUND][setsid()] success
[Wed Dec 23 16:15:47 2015][INFO] [JASM-DAEMON][START] PID: 4468 , Parent PID: 1
[Wed Dec 23 16:15:47 2015][INFO] [JASM-DAEMON][START] Start phase successfully completed!
[Wed Dec 23 16:15:47 2015][INFO] [JASM-DAEMON][STATUS] Ready!
[Wed Dec 23 16:15:47 2015][INFO] [JASM-DAEMON][INFO]You need to create a configuration file
[Wed Dec 23 16:15:47 2015][INFO] [JASM-DAEMON][INFO]Using standard values
[Wed Dec 23 16:15:47 2015][INFO] [JASM-DAEMON][INFO]Server's config source: $HOME/.jasm_config
[Wed Dec 23 16:15:47 2015][INFO] [JASM-DAEMON]Server started
[Wed Dec 23 16:15:49 2015][INFO] [CLIENT-AUTH]Authentication NOT required!
[Wed Dec 23 16:15:49 2015][INFO] [CLIENT-CONNECT] sockfd: 1, IP Address: 127.0.0.1
[Wed Dec 23 16:15:52 2015][INFO] [CLIENT-AUTH]Authentication NOT required!
[Wed Dec 23 16:15:52 2015][INFO] [CLIENT-CONNECT] sockfd: 2, IP Address: 127.0.0.1
[Wed Dec 23 16:15:52 2015][INFO] [CMD-GET] Got command from 2: <startLogsender>
[Wed Dec 23 16:15:52 2015][INFO] [Mod: logsender] init success
[Wed Dec 23 16:15:52 2015][INFO] module <Logsender> started correctly
[Wed Dec 23 16:16:24 2015][INFO] [CMD-GET] Got command from 1: <halt>
[Wed Dec 23 16:16:24 2015][INFO] [CMD] halt exec
[Wed Dec 23 16:17:51 2015][INFO] =======================================
[Wed Dec 23 16:17:51 2015][INFO] [START]JASM System Monitor Starting Up... Version: jasm-develstage , Build Date: Wed 23/12/2015 16:04
[Wed Dec 23 16:17:51 2015][INFO] [JASM-DAEMON] Creating new process...
[Wed Dec 23 16:17:51 2015][INFO] [PROCESS-SPAWN][fork()] success
[Wed Dec 23 16:17:51 2015][INFO] [PROCESS-BACKGROUND][setsid()] success
[Wed Dec 23 16:17:51 2015][INFO] [JASM-DAEMON][START] PID: 4568 , Parent PID: 1
[Wed Dec 23 16:17:51 2015][INFO] [JASM-DAEMON][START] Start phase successfully completed!
[Wed Dec 23 16:17:51 2015][INFO] [JASM-DAEMON][STATUS] Ready!
[Wed Dec 23 16:17:51 2015][INFO] [JASM-DAEMON][INFO]You need to create a configuration file
[Wed Dec 23 16:17:51 2015][INFO] [JASM-DAEMON][INFO]Using standard values
[Wed Dec 23 16:17:51 2015][INFO] [JASM-DAEMON][INFO]Server's config source: $HOME/.jasm_config
[Wed Dec 23 16:17:51 2015][INFO] [JASM-DAEMON]Server started
[Wed Dec 23 16:17:52 2015][INFO] [CLIENT-AUTH]Authentication NOT required!
[Wed Dec 23 16:17:52 2015][INFO] [CLIENT-CONNECT] sockfd: 1, IP Address: 127.0.0.1
[Wed Dec 23 16:17:58 2015][INFO] [CLIENT-AUTH]Authentication NOT required!
[Wed Dec 23 16:17:58 2015][INFO] [CLIENT-CONNECT] sockfd: 2, IP Address: 127.0.0.1
[Wed Dec 23 16:17:58 2015][INFO] [CMD-GET] Got command from 2: <startLogsender>
[Wed Dec 23 16:17:58 2015][INFO] [Mod: logsender] init success
[Wed Dec 23 16:17:58 2015][INFO] module <Logsender> started correctly
[Wed Dec 23 16:18:02 2015][INFO] [CMD-GET] Got command from 1: <ciao>
[Wed Dec 23 16:18:02 2015][ERROR] [CMD] Command not found!!
[Wed Dec 23 16:18:09 2015][INFO] [CLIENT-DISCONNECT] sockfd: 2, IP Address: 127.0.0.1
[Wed Dec 23 16:18:09 2015][INFO] [CLIENT-DISCONNECT] sockfd: 2, IP Address: 127.0.0.1
[Wed Dec 23 16:19:40 2015][INFO] =======================================
[Wed Dec 23 16:19:40 2015][INFO] [START]JASM System Monitor Starting Up... Version: jasm-develstage , Build Date: Wed 23/12/2015 16:04
[Wed Dec 23 16:19:40 2015][INFO] [JASM-DAEMON] Creating new process...
[Wed Dec 23 16:19:40 2015][INFO] [PROCESS-SPAWN][fork()] success
[Wed Dec 23 16:19:40 2015][INFO] [PROCESS-BACKGROUND][setsid()] success
[Wed Dec 23 16:19:40 2015][INFO] [JASM-DAEMON][START] PID: 4641 , Parent PID: 1
[Wed Dec 23 16:19:40 2015][INFO] [JASM-DAEMON][START] Start phase successfully completed!
[Wed Dec 23 16:19:40 2015][INFO] [JASM-DAEMON][STATUS] Ready!
[Wed Dec 23 16:19:40 2015][INFO] [JASM-DAEMON][INFO]You need to create a configuration file
[Wed Dec 23 16:19:40 2015][INFO] [JASM-DAEMON][INFO]Using standard values
[Wed Dec 23 16:19:40 2015][INFO] [JASM-DAEMON][INFO]Server's config source: $HOME/.jasm_config
[Wed Dec 23 16:19:40 2015][ERROR] [JASM-DAEMON][bind()]Failed to bind socket!
[Wed Dec 23 16:19:40 2015][ERROR] [JASM-DAEMON][bind()]Error: Address already in use
!
[Wed Dec 23 16:19:40 2015][ERROR] [JASM-DAEMON] Exiting !!
[Wed Dec 23 16:19:42 2015][INFO] [CLIENT-AUTH]Authentication NOT required!
[Wed Dec 23 16:19:42 2015][INFO] [CLIENT-CONNECT] sockfd: 1, IP Address: 127.0.0.1
[Wed Dec 23 16:19:45 2015][INFO] [CLIENT-AUTH]Authentication NOT required!
[Wed Dec 23 16:19:45 2015][INFO] [CLIENT-CONNECT] sockfd: 2, IP Address: 127.0.0.1
[Wed Dec 23 16:19:45 2015][INFO] [CMD-GET] Got command from 2: <startLogsender>
[Wed Dec 23 16:19:45 2015][INFO] [Mod: logsender] init success
[Wed Dec 23 16:19:45 2015][INFO] module <Logsender> started correctly
[Wed Dec 23 16:19:51 2015][INFO] [CLIENT-DISCONNECT] sockfd: 2, IP Address: 127.0.0.1
[Wed Dec 23 16:19:51 2015][INFO] [CLIENT-DISCONNECT] sockfd: 2, IP Address: 127.0.0.1
[Wed Dec 23 16:20:34 2015][INFO] =======================================
[Wed Dec 23 16:20:34 2015][INFO] [START]JASM System Monitor Starting Up... Version: jasm-develstage , Build Date: Wed 23/12/2015 16:04
[Wed Dec 23 16:20:34 2015][INFO] [JASM-DAEMON] Creating new process...
[Wed Dec 23 16:20:34 2015][INFO] [PROCESS-SPAWN][fork()] success
[Wed Dec 23 16:20:34 2015][INFO] [PROCESS-BACKGROUND][setsid()] success
[Wed Dec 23 16:20:34 2015][INFO] [JASM-DAEMON][START] PID: 4702 , Parent PID: 1
[Wed Dec 23 16:20:34 2015][INFO] [JASM-DAEMON][START] Start phase successfully completed!
[Wed Dec 23 16:20:34 2015][INFO] [JASM-DAEMON][STATUS] Ready!
[Wed Dec 23 16:20:34 2015][INFO] [JASM-DAEMON][INFO]You need to create a configuration file
[Wed Dec 23 16:20:34 2015][INFO] [JASM-DAEMON][INFO]Using standard values
[Wed Dec 23 16:20:34 2015][INFO] [JASM-DAEMON][INFO]Server's config source: $HOME/.jasm_config
[Wed Dec 23 16:20:34 2015][INFO] [JASM-DAEMON]Server started
[Wed Dec 23 16:20:35 2015][INFO] [CLIENT-AUTH]Authentication NOT required!
[Wed Dec 23 16:20:35 2015][INFO] [CLIENT-CONNECT] sockfd: 1, IP Address: 127.0.0.1
[Wed Dec 23 16:20:39 2015][INFO] [CLIENT-AUTH]Authentication NOT required!
[Wed Dec 23 16:20:39 2015][INFO] [CLIENT-CONNECT] sockfd: 2, IP Address: 127.0.0.1
[Wed Dec 23 16:20:39 2015][INFO] [CMD-GET] Got command from 2: <startLogsender>
[Wed Dec 23 16:20:39 2015][INFO] [Mod: logsender] init success
[Wed Dec 23 16:20:39 2015][INFO] module <Logsender> started correctly
[Wed Dec 23 16:21:30 2015][INFO] [CLIENT-AUTH]Authentication NOT required!
[Wed Dec 23 16:21:30 2015][INFO] [CLIENT-CONNECT] sockfd: 4, IP Address: 127.0.0.1
[Wed Dec 23 16:21:34 2015][INFO] [CMD-GET] Got command from 4: <ciao>
[Wed Dec 23 16:21:34 2015][ERROR] [CMD] Command not found!!
[Wed Dec 23 16:21:36 2015][INFO] [CMD-GET] Got command from 4: <halt>
[Wed Dec 23 16:21:36 2015][INFO] [CMD] halt exec
[Wed Dec 23 16:22:34 2015][INFO] =======================================
[Wed Dec 23 16:22:34 2015][INFO] [START]JASM System Monitor Starting Up... Version: jasm-develstage , Build Date: Wed 23/12/2015 16:04
[Wed Dec 23 16:22:34 2015][INFO] [JASM-DAEMON] Creating new process...
[Wed Dec 23 16:22:34 2015][INFO] [PROCESS-SPAWN][fork()] success
[Wed Dec 23 16:22:34 2015][INFO] [PROCESS-BACKGROUND][setsid()] success
[Wed Dec 23 16:22:34 2015][INFO] [JASM-DAEMON][START] PID: 4765 , Parent PID: 1
[Wed Dec 23 16:22:34 2015][INFO] [JASM-DAEMON][START] Start phase successfully completed!
[Wed Dec 23 16:22:34 2015][INFO] [JASM-DAEMON][STATUS] Ready!
[Wed Dec 23 16:22:34 2015][INFO] [JASM-DAEMON][INFO]You need to create a configuration file
[Wed Dec 23 16:22:34 2015][INFO] [JASM-DAEMON][INFO]Using standard values
[Wed Dec 23 16:22:34 2015][INFO] [JASM-DAEMON][INFO]Server's config source: $HOME/.jasm_config
[Wed Dec 23 16:22:34 2015][ERROR] [JASM-DAEMON][bind()]Failed to bind socket!
[Wed Dec 23 16:22:34 2015][ERROR] [JASM-DAEMON][bind()]Error: Address already in use
!
[Wed Dec 23 16:22:34 2015][ERROR] [JASM-DAEMON] Exiting !!
[Wed Dec 23 16:22:41 2015][INFO] =======================================
[Wed Dec 23 16:22:41 2015][INFO] [START]JASM System Monitor Starting Up... Version: jasm-develstage , Build Date: Wed 23/12/2015 16:04
[Wed Dec 23 16:22:41 2015][INFO] [JASM-DAEMON] Creating new process...
[Wed Dec 23 16:22:41 2015][INFO] [PROCESS-SPAWN][fork()] success
[Wed Dec 23 16:22:41 2015][INFO] [PROCESS-BACKGROUND][setsid()] success
[Wed Dec 23 16:22:41 2015][INFO] [JASM-DAEMON][START] PID: 4768 , Parent PID: 1
[Wed Dec 23 16:22:41 2015][INFO] [JASM-DAEMON][START] Start phase successfully completed!
[Wed Dec 23 16:22:41 2015][INFO] [JASM-DAEMON][STATUS] Ready!
[Wed Dec 23 16:22:41 2015][INFO] [JASM-DAEMON][INFO]You need to create a configuration file
[Wed Dec 23 16:22:41 2015][INFO] [JASM-DAEMON][INFO]Using standard values
[Wed Dec 23 16:22:41 2015][INFO] [JASM-DAEMON][INFO]Server's config source: $HOME/.jasm_config
[Wed Dec 23 16:22:41 2015][INFO] [JASM-DAEMON]Server started
[Wed Dec 23 16:22:44 2015][INFO] [CLIENT-AUTH]Authentication NOT required!
[Wed Dec 23 16:22:44 2015][INFO] [CLIENT-CONNECT] sockfd: 1, IP Address: 127.0.0.1
[Wed Dec 23 16:22:48 2015][INFO] [CLIENT-AUTH]Authentication NOT required!
[Wed Dec 23 16:22:48 2015][INFO] [CLIENT-CONNECT] sockfd: 2, IP Address: 127.0.0.1
[Wed Dec 23 16:22:48 2015][INFO] [CMD-GET] Got command from 2: <startLogsender>
[Wed Dec 23 16:22:48 2015][INFO] [Mod: logsender] init success
[Wed Dec 23 16:22:48 2015][INFO] module <Logsender> started correctly
[Wed Dec 23 16:24:12 2015][INFO] [CMD-GET] Got command from 1: <halt>
[Wed Dec 23 16:24:12 2015][INFO] [CMD] halt exec
[Wed Dec 23 16:24:22 2015][INFO] =======================================
[Wed Dec 23 16:24:22 2015][INFO] [START]JASM System Monitor Starting Up... Version: jasm-develstage , Build Date: Wed 23/12/2015 16:04
[Wed Dec 23 16:24:22 2015][INFO] [JASM-DAEMON] Creating new process...
[Wed Dec 23 16:24:22 2015][INFO] [PROCESS-SPAWN][fork()] success
[Wed Dec 23 16:24:22 2015][INFO] [PROCESS-BACKGROUND][setsid()] success
[Wed Dec 23 16:24:22 2015][INFO] [JASM-DAEMON][START] PID: 4841 , Parent PID: 1
[Wed Dec 23 16:24:22 2015][INFO] [JASM-DAEMON][START] Start phase successfully completed!
[Wed Dec 23 16:24:22 2015][INFO] [JASM-DAEMON][STATUS] Ready!
[Wed Dec 23 16:24:22 2015][INFO] [JASM-DAEMON][INFO]You need to create a configuration file
[Wed Dec 23 16:24:22 2015][INFO] [JASM-DAEMON][INFO]Using standard values
[Wed Dec 23 16:24:22 2015][INFO] [JASM-DAEMON][INFO]Server's config source: $HOME/.jasm_config
[Wed Dec 23 16:24:22 2015][ERROR] [JASM-DAEMON][bind()]Failed to bind socket!
[Wed Dec 23 16:24:22 2015][ERROR] [JASM-DAEMON][bind()]Error: Address already in use
!
[Wed Dec 23 16:24:22 2015][ERROR] [JASM-DAEMON] Exiting !!
[Wed Dec 23 16:24:28 2015][INFO] =======================================
[Wed Dec 23 16:24:28 2015][INFO] [START]JASM System Monitor Starting Up... Version: jasm-develstage , Build Date: Wed 23/12/2015 16:04
[Wed Dec 23 16:24:28 2015][INFO] [JASM-DAEMON] Creating new process...
[Wed Dec 23 16:24:28 2015][INFO] [PROCESS-SPAWN][fork()] success
[Wed Dec 23 16:24:28 2015][INFO] [PROCESS-BACKGROUND][setsid()] success
[Wed Dec 23 16:24:28 2015][INFO] [JASM-DAEMON][START] PID: 4845 , Parent PID: 1
[Wed Dec 23 16:24:28 2015][INFO] [JASM-DAEMON][START] Start phase successfully completed!
[Wed Dec 23 16:24:28 2015][INFO] [JASM-DAEMON][STATUS] Ready!
[Wed Dec 23 16:24:28 2015][INFO] [JASM-DAEMON][INFO]You need to create a configuration file
[Wed Dec 23 16:24:28 2015][INFO] [JASM-DAEMON][INFO]Using standard values
[Wed Dec 23 16:24:28 2015][INFO] [JASM-DAEMON][INFO]Server's config source: $HOME/.jasm_config
[Wed Dec 23 16:24:28 2015][ERROR] [JASM-DAEMON][bind()]Failed to bind socket!
[Wed Dec 23 16:24:28 2015][ERROR] [JASM-DAEMON][bind()]Error: Address already in use
!
[Wed Dec 23 16:24:28 2015][ERROR] [JASM-DAEMON] Exiting !!
[Wed Dec 23 16:24:41 2015][INFO] =======================================
[Wed Dec 23 16:24:41 2015][INFO] [START]JASM System Monitor Starting Up... Version: jasm-develstage , Build Date: Wed 23/12/2015 16:04
[Wed Dec 23 16:24:41 2015][INFO] [JASM-DAEMON] Creating new process...
[Wed Dec 23 16:24:41 2015][INFO] [PROCESS-SPAWN][fork()] success
[Wed Dec 23 16:24:41 2015][INFO] [PROCESS-BACKGROUND][setsid()] success
[Wed Dec 23 16:24:41 2015][INFO] [JASM-DAEMON][START] PID: 4849 , Parent PID: 1
[Wed Dec 23 16:24:41 2015][INFO] [JASM-DAEMON][START] Start phase successfully completed!
[Wed Dec 23 16:24:41 2015][INFO] [JASM-DAEMON][STATUS] Ready!
[Wed Dec 23 16:24:41 2015][INFO] [JASM-DAEMON][INFO]You need to create a configuration file
[Wed Dec 23 16:24:41 2015][INFO] [JASM-DAEMON][INFO]Using standard values
[Wed Dec 23 16:24:41 2015][INFO] [JASM-DAEMON][INFO]Server's config source: $HOME/.jasm_config
[Wed Dec 23 16:24:41 2015][ERROR] [JASM-DAEMON][bind()]Failed to bind socket!
[Wed Dec 23 16:24:41 2015][ERROR] [JASM-DAEMON][bind()]Error: Address already in use
!
[Wed Dec 23 16:24:41 2015][ERROR] [JASM-DAEMON] Exiting !!
[Wed Dec 23 16:24:56 2015][INFO] =======================================
[Wed Dec 23 16:24:56 2015][INFO] [START]JASM System Monitor Starting Up... Version: jasm-develstage , Build Date: Wed 23/12/2015 16:04
[Wed Dec 23 16:24:56 2015][INFO] [JASM-DAEMON] Creating new process...
[Wed Dec 23 16:24:56 2015][INFO] [PROCESS-SPAWN][fork()] success
[Wed Dec 23 16:24:56 2015][INFO] [PROCESS-BACKGROUND][setsid()] success
[Wed Dec 23 16:24:56 2015][INFO] [JASM-DAEMON][START] PID: 4867 , Parent PID: 1
[Wed Dec 23 16:24:56 2015][INFO] [JASM-DAEMON][START] Start phase successfully completed!
[Wed Dec 23 16:24:56 2015][INFO] [JASM-DAEMON][STATUS] Ready!
[Wed Dec 23 16:24:56 2015][INFO] [JASM-DAEMON][INFO]You need to create a configuration file
[Wed Dec 23 16:24:56 2015][INFO] [JASM-DAEMON][INFO]Using standard values
[Wed Dec 23 16:24:56 2015][INFO] [JASM-DAEMON][INFO]Server's config source: $HOME/.jasm_config
[Wed Dec 23 16:24:56 2015][ERROR] [JASM-DAEMON][bind()]Failed to bind socket!
[Wed Dec 23 16:24:56 2015][ERROR] [JASM-DAEMON][bind()]Error: Address already in use
!
[Wed Dec 23 16:24:56 2015][ERROR] [JASM-DAEMON] Exiting !!
[Wed Dec 23 16:25:03 2015][INFO] =======================================
[Wed Dec 23 16:25:03 2015][INFO] [START]JASM System Monitor Starting Up... Version: jasm-develstage , Build Date: Wed 23/12/2015 16:04
[Wed Dec 23 16:25:03 2015][INFO] [JASM-DAEMON] Creating new process...
[Wed Dec 23 16:25:03 2015][INFO] [PROCESS-SPAWN][fork()] success
[Wed Dec 23 16:25:03 2015][INFO] [PROCESS-BACKGROUND][setsid()] success
[Wed Dec 23 16:25:03 2015][INFO] [JASM-DAEMON][START] PID: 4872 , Parent PID: 1
[Wed Dec 23 16:25:03 2015][INFO] [JASM-DAEMON][START] Start phase successfully completed!
[Wed Dec 23 16:25:03 2015][INFO] [JASM-DAEMON][STATUS] Ready!
[Wed Dec 23 16:25:03 2015][INFO] [JASM-DAEMON][INFO]You need to create a configuration file
[Wed Dec 23 16:25:03 2015][INFO] [JASM-DAEMON][INFO]Using standard values
[Wed Dec 23 16:25:03 2015][INFO] [JASM-DAEMON][INFO]Server's config source: $HOME/.jasm_config
[Wed Dec 23 16:25:03 2015][ERROR] [JASM-DAEMON][bind()]Failed to bind socket!
[Wed Dec 23 16:25:03 2015][ERROR] [JASM-DAEMON][bind()]Error: Address already in use
!
[Wed Dec 23 16:25:03 2015][ERROR] [JASM-DAEMON] Exiting !!
[Wed Dec 23 16:25:35 2015][INFO] =======================================
[Wed Dec 23 16:25:35 2015][INFO] [START]JASM System Monitor Starting Up... Version: jasm-develstage , Build Date: Wed 23/12/2015 16:04
[Wed Dec 23 16:25:35 2015][INFO] [JASM-DAEMON] Creating new process...
[Wed Dec 23 16:25:35 2015][INFO] [PROCESS-SPAWN][fork()] success
[Wed Dec 23 16:25:35 2015][INFO] [PROCESS-BACKGROUND][setsid()] success
[Wed Dec 23 16:25:35 2015][INFO] [JASM-DAEMON][START] PID: 4881 , Parent PID: 1
[Wed Dec 23 16:25:35 2015][INFO] [JASM-DAEMON][START] Start phase successfully completed!
[Wed Dec 23 16:25:35 2015][INFO] [JASM-DAEMON][STATUS] Ready!
[Wed Dec 23 16:25:35 2015][INFO] [JASM-DAEMON][INFO]You need to create a configuration file
[Wed Dec 23 16:25:35 2015][INFO] [JASM-DAEMON][INFO]Using standard values
[Wed Dec 23 16:25:35 2015][INFO] [JASM-DAEMON][INFO]Server's config source: $HOME/.jasm_config
[Wed Dec 23 16:25:35 2015][INFO] [JASM-DAEMON]Server started
[Wed Dec 23 16:25:37 2015][INFO] [CLIENT-AUTH]Authentication NOT required!
[Wed Dec 23 16:25:37 2015][INFO] [CLIENT-CONNECT] sockfd: 1, IP Address: 127.0.0.1
[Wed Dec 23 16:25:41 2015][INFO] [CLIENT-AUTH]Authentication NOT required!
[Wed Dec 23 16:25:41 2015][INFO] [CLIENT-CONNECT] sockfd: 2, IP Address: 127.0.0.1
[Wed Dec 23 16:25:41 2015][INFO] [CMD-GET] Got command from 2: <startLogsender>
[Wed Dec 23 16:25:41 2015][INFO] [Mod: logsender] init success
[Wed Dec 23 16:25:41 2015][INFO] module <Logsender> started correctly
[Wed Dec 23 16:26:19 2015][INFO] [CMD-GET] Got command from 1: <halt>
[Wed Dec 23 16:26:19 2015][INFO] [CMD] halt exec
[Wed Dec 23 16:36:01 2015][INFO] =======================================
[Wed Dec 23 16:36:01 2015][INFO] [START]JASM System Monitor Starting Up... Version: jasm-develstage , Build Date: Wed 23/12/2015 16:04
[Wed Dec 23 16:36:01 2015][INFO] [JASM-DAEMON] Creating new process...
[Wed Dec 23 16:36:01 2015][INFO] [PROCESS-SPAWN][fork()] success
[Wed Dec 23 16:36:01 2015][INFO] [PROCESS-BACKGROUND][setsid()] success
[Wed Dec 23 16:36:01 2015][INFO] [JASM-DAEMON][START] PID: 5233 , Parent PID: 1
[Wed Dec 23 16:36:01 2015][INFO] [JASM-DAEMON][START] Start phase successfully completed!
[Wed Dec 23 16:36:01 2015][INFO] [JASM-DAEMON][STATUS] Ready!
[Wed Dec 23 16:36:01 2015][INFO] [JASM-DAEMON][INFO]You need to create a configuration file
[Wed Dec 23 16:36:01 2015][INFO] [JASM-DAEMON][INFO]Using standard values
[Wed Dec 23 16:36:01 2015][INFO] [JASM-DAEMON][INFO]Server's config source: $HOME/.jasm_config
[Wed Dec 23 16:36:01 2015][INFO] [JASM-DAEMON]Server started
[Wed Dec 23 16:36:02 2015][INFO] [CLIENT-AUTH]Authentication NOT required!
[Wed Dec 23 16:36:02 2015][INFO] [CLIENT-CONNECT] sockfd: 1, IP Address: 127.0.0.1
[Wed Dec 23 16:36:06 2015][INFO] [CLIENT-AUTH]Authentication NOT required!
[Wed Dec 23 16:36:06 2015][INFO] [CLIENT-CONNECT] sockfd: 2, IP Address: 127.0.0.1
[Wed Dec 23 16:36:06 2015][INFO] [CMD-GET] Got command from 2: <startLogsender>
[Wed Dec 23 16:36:06 2015][INFO] [Mod: logsender] init success
[Wed Dec 23 16:36:06 2015][INFO] module <Logsender> started correctly
[Wed Dec 23 16:36:34 2015][INFO] [CMD-GET] Got command from 1: <halt>
[Wed Dec 23 16:36:34 2015][INFO] [CMD] halt exec
[Wed Dec 23 16:37:53 2015][INFO] =======================================
[Wed Dec 23 16:37:53 2015][INFO] [START]JASM System Monitor Starting Up... Version: jasm-develstage , Build Date: Wed 23/12/2015 16:04
[Wed Dec 23 16:37:53 2015][INFO] [JASM-DAEMON] Creating new process...
[Wed Dec 23 16:37:53 2015][INFO] [PROCESS-SPAWN][fork()] success
[Wed Dec 23 16:37:53 2015][INFO] [PROCESS-BACKGROUND][setsid()] success
[Wed Dec 23 16:37:53 2015][INFO] [JASM-DAEMON][START] PID: 5312 , Parent PID: 1
[Wed Dec 23 16:37:53 2015][INFO] [JASM-DAEMON][START] Start phase successfully completed!
[Wed Dec 23 16:37:53 2015][INFO] [JASM-DAEMON][STATUS] Ready!
[Wed Dec 23 16:37:53 2015][INFO] [JASM-DAEMON][INFO]You need to create a configuration file
[Wed Dec 23 16:37:53 2015][INFO] [JASM-DAEMON][INFO]Using standard values
[Wed Dec 23 16:37:53 2015][INFO] [JASM-DAEMON][INFO]Server's config source: $HOME/.jasm_config
[Wed Dec 23 16:37:53 2015][INFO] [JASM-DAEMON]Server started
[Wed Dec 23 16:37:55 2015][INFO] [CLIENT-AUTH]Authentication NOT required!
[Wed Dec 23 16:37:55 2015][INFO] [CLIENT-CONNECT] sockfd: 1, IP Address: 127.0.0.1
[Wed Dec 23 16:37:58 2015][INFO] [CLIENT-AUTH]Authentication NOT required!
[Wed Dec 23 16:37:58 2015][INFO] [CLIENT-CONNECT] sockfd: 2, IP Address: 127.0.0.1
[Wed Dec 23 16:37:58 2015][INFO] [CMD-GET] Got command from 2: <startLogsender>
[Wed Dec 23 16:37:58 2015][INFO] [Mod: logsender] init success
[Wed Dec 23 16:37:58 2015][INFO] module <Logsender> started correctly
[Wed Dec 23 16:38:12 2015][INFO] [CMD-GET] Got command from 1: <halt>
[Wed Dec 23 16:38:12 2015][INFO] [CMD] halt exec
[Wed Dec 23 16:38:56 2015][INFO] =======================================
[Wed Dec 23 16:38:56 2015][INFO] [START]JASM System Monitor Starting Up... Version: jasm-develstage , Build Date: Wed 23/12/2015 16:04
[Wed Dec 23 16:38:56 2015][INFO] [JASM-DAEMON] Creating new process...
[Wed Dec 23 16:38:56 2015][INFO] [PROCESS-SPAWN][fork()] success
[Wed Dec 23 16:38:56 2015][INFO] [PROCESS-BACKGROUND][setsid()] success
[Wed Dec 23 16:38:56 2015][INFO] [JASM-DAEMON][START] PID: 5383 , Parent PID: 1
[Wed Dec 23 16:38:56 2015][INFO] [JASM-DAEMON][START] Start phase successfully completed!
[Wed Dec 23 16:38:56 2015][INFO] [JASM-DAEMON][STATUS] Ready!
[Wed Dec 23 16:38:56 2015][INFO] [JASM-DAEMON][INFO]You need to create a configuration file
[Wed Dec 23 16:38:56 2015][INFO] [JASM-DAEMON][INFO]Using standard values
[Wed Dec 23 16:38:56 2015][INFO] [JASM-DAEMON][INFO]Server's config source: $HOME/.jasm_config
[Wed Dec 23 16:38:56 2015][ERROR] [JASM-DAEMON][bind()]Failed to bind socket!
[Wed Dec 23 16:38:56 2015][ERROR] [JASM-DAEMON][bind()]Error: Address already in use
!
[Wed Dec 23 16:38:56 2015][ERROR] [JASM-DAEMON] Exiting !!
[Wed Dec 23 16:39:25 2015][INFO] =======================================
[Wed Dec 23 16:39:25 2015][INFO] [START]JASM System Monitor Starting Up... Version: jasm-develstage , Build Date: Wed 23/12/2015 16:04
[Wed Dec 23 16:39:25 2015][INFO] [JASM-DAEMON] Creating new process...
[Wed Dec 23 16:39:25 2015][INFO] [PROCESS-SPAWN][fork()] success
[Wed Dec 23 16:39:25 2015][INFO] [PROCESS-BACKGROUND][setsid()] success
[Wed Dec 23 16:39:25 2015][INFO] [JASM-DAEMON][START] PID: 5386 , Parent PID: 1
[Wed Dec 23 16:39:25 2015][INFO] [JASM-DAEMON][START] Start phase successfully completed!
[Wed Dec 23 16:39:25 2015][INFO] [JASM-DAEMON][STATUS] Ready!
[Wed Dec 23 16:39:25 2015][INFO] [JASM-DAEMON][INFO]You need to create a configuration file
[Wed Dec 23 16:39:25 2015][INFO] [JASM-DAEMON][INFO]Using standard values
[Wed Dec 23 16:39:25 2015][INFO] [JASM-DAEMON][INFO]Server's config source: $HOME/.jasm_config
[Wed Dec 23 16:39:25 2015][INFO] [JASM-DAEMON]Server started
[Wed Dec 23 16:39:26 2015][INFO] [CLIENT-AUTH]Authentication NOT required!
[Wed Dec 23 16:39:26 2015][INFO] [CLIENT-CONNECT] sockfd: 1, IP Address: 127.0.0.1
[Wed Dec 23 16:39:30 2015][INFO] [CLIENT-AUTH]Authentication NOT required!
[Wed Dec 23 16:39:30 2015][INFO] [CLIENT-CONNECT] sockfd: 2, IP Address: 127.0.0.1
[Wed Dec 23 16:39:30 2015][INFO] [CMD-GET] Got command from 2: <startLogsender>
[Wed Dec 23 16:39:30 2015][INFO] [Mod: logsender] init success
[Wed Dec 23 16:39:30 2015][INFO] module <Logsender> started correctly
[Wed Dec 23 16:39:40 2015][INFO] [CMD-GET] Got command from 1: <halt>
[Wed Dec 23 16:39:40 2015][INFO] [CMD] halt exec
[Wed Dec 23 17:17:32 2015][INFO] =======================================
[Wed Dec 23 17:17:32 2015][INFO] [START]JASM System Monitor Starting Up... Version: jasm-develstage , Build Date: Wed 23/12/2015 17:17
[Wed Dec 23 17:17:32 2015][INFO] [JASM-DAEMON] Creating new process...
[Wed Dec 23 17:17:32 2015][INFO] [PROCESS-SPAWN][fork()] success
[Wed Dec 23 17:17:32 2015][INFO] [PROCESS-BACKGROUND][setsid()] success
[Wed Dec 23 17:17:32 2015][INFO] [JASM-DAEMON][START] PID: 5886 , Parent PID: 1
[Wed Dec 23 17:17:32 2015][INFO] [JASM-DAEMON][START] Start phase successfully completed!
[Wed Dec 23 17:17:32 2015][INFO] [JASM-DAEMON][STATUS] Ready!
[Wed Dec 23 17:17:32 2015][INFO] [JASM-DAEMON][INFO]You need to create a configuration file
[Wed Dec 23 17:17:32 2015][INFO] [JASM-DAEMON][INFO]Using standard values
[Wed Dec 23 17:17:32 2015][INFO] [JASM-DAEMON][INFO]Server's config source: $HOME/.jasm_config
[Wed Dec 23 17:17:32 2015][INFO] [JASM-DAEMON]Server started
[Wed Dec 23 21:27:20 2015][INFO] =======================================
[Wed Dec 23 21:27:20 2015][INFO] [START]JASM System Monitor Starting Up... Version: jasm-develstage , Build Date: Wed 23/12/2015 21:27
[Wed Dec 23 21:27:20 2015][INFO] [JASM-DAEMON] Creating new process...
[Wed Dec 23 21:27:20 2015][INFO] [PROCESS-SPAWN][fork()] success
[Wed Dec 23 21:27:20 2015][INFO] [PROCESS-BACKGROUND][setsid()] success
[Wed Dec 23 21:27:20 2015][INFO] [JASM-DAEMON][START] PID: 12176 , Parent PID: 1
[Wed Dec 23 21:27:20 2015][INFO] [JASM-DAEMON][START] Start phase successfully completed!
[Wed Dec 23 21:27:20 2015][INFO] [JASM-DAEMON][STATUS] Ready!
[Wed Dec 23 21:27:20 2015][INFO] [JASM-DAEMON][INFO]You need to create a configuration file
[Wed Dec 23 21:27:20 2015][INFO] [JASM-DAEMON][INFO]Using standard values
[Wed Dec 23 21:27:20 2015][INFO] [JASM-DAEMON][INFO]Server's config source: $HOME/.jasm_config
[Wed Dec 23 21:27:20 2015][ERROR] [JASM-DAEMON][bind()]Failed to bind socket!
[Wed Dec 23 21:27:20 2015][ERROR] [JASM-DAEMON][bind()]Error: Address already in use
!
[Wed Dec 23 21:27:20 2015][ERROR] [JASM-DAEMON] Exiting !!
[Wed Dec 23 21:28:06 2015][INFO] =======================================
[Wed Dec 23 21:28:06 2015][INFO] [START]JASM System Monitor Starting Up... Version: jasm-develstage , Build Date: Wed 23/12/2015 21:27
[Wed Dec 23 21:28:06 2015][INFO] [JASM-DAEMON] Creating new process...
[Wed Dec 23 21:28:06 2015][INFO] [PROCESS-SPAWN][fork()] success
[Wed Dec 23 21:28:06 2015][INFO] [PROCESS-BACKGROUND][setsid()] success
[Wed Dec 23 21:28:06 2015][INFO] [JASM-DAEMON][START] PID: 12265 , Parent PID: 1
[Wed Dec 23 21:28:06 2015][INFO] [JASM-DAEMON][START] Start phase successfully completed!
[Wed Dec 23 21:28:06 2015][INFO] [JASM-DAEMON][STATUS] Ready!
[Wed Dec 23 21:28:06 2015][INFO] [JASM-DAEMON][INFO]You need to create a configuration file
[Wed Dec 23 21:28:06 2015][INFO] [JASM-DAEMON][INFO]Using standard values
[Wed Dec 23 21:28:06 2015][INFO] [JASM-DAEMON][INFO]Server's config source: $HOME/.jasm_config
[Wed Dec 23 21:28:06 2015][INFO] [JASM-DAEMON]Server started
[Wed Dec 23 21:28:07 2015][INFO] [CLIENT-AUTH]Authentication NOT required!
[Wed Dec 23 21:28:07 2015][INFO] [CLIENT-CONNECT] sockfd: 1, IP Address: 127.0.0.1
[Wed Dec 23 21:28:10 2015][INFO] [CMD-GET] Got command from 1: <help>
[Wed Dec 23 21:28:10 2015][INFO] [CMD] help exec
[Wed Dec 23 21:28:13 2015][INFO] [CMD-GET] Got command from 1: <getHostname>
[Wed Dec 23 21:28:13 2015][INFO] [JASM-DAEMON][getHostname][write()] sent 9 byte
[Wed Dec 23 21:28:19 2015][INFO] [CLIENT-AUTH]Authentication NOT required!
[Wed Dec 23 21:28:19 2015][INFO] [CLIENT-CONNECT] sockfd: 2, IP Address: 127.0.0.1
[Wed Dec 23 21:28:19 2015][INFO] [CMD-GET] Got command from 2: <startLogsender>
[Wed Dec 23 21:28:19 2015][INFO] [Mod: logsender] init success
[Wed Dec 23 21:28:19 2015][INFO] module <Logsender> started correctly
[Wed Dec 23 21:28:46 2015][INFO] [CMD-GET] Got command from 1: <halt>
[Wed Dec 23 21:28:46 2015][INFO] [CMD] halt exec
